**********************
Inicio de la transcripción de Windows PowerShell
Hora de inicio: 20260702150845
Nombre de usuario: HP-ENEKO\User
Usuario RunAs: HP-ENEKO\User
Nombre de la configuración: 
Máquina: HP-ENEKO (Microsoft Windows NT 10.0.19045.0)
Aplicación host: C:\WINDOWS\System32\WindowsPowerShell\v1.0\powershell.exe -NoProfile -ExecutionPolicy Bypass -File Arsenal_Digital\scripts\Build-Arsenal.ps1
Id. de proceso: 3044
PSVersion: 5.1.19041.6456
PSEdition: Desktop
PSCompatibleVersions: 1.0, 2.0, 3.0, 4.0, 5.0, 5.1.19041.6456
BuildVersion: 10.0.19041.6456
CLRVersion: 4.0.30319.42000
WSManStackVersion: 3.0
PSRemotingProtocolVersion: 2.3
SerializationVersion: 1.1.0.1
**********************
Downloading testdisk-photorec-win64 7.2 -> testdisk-7.2.win64.zip
**********************
Fin de la transcripción de Windows PowerShell
Hora de finalización: 20260702151746
**********************
