**********************
Inicio de la transcripción de Windows PowerShell
Hora de inicio: 20260702103720
Nombre de usuario: HP-ENEKO\User
Usuario RunAs: HP-ENEKO\User
Nombre de la configuración: 
Máquina: HP-ENEKO (Microsoft Windows NT 10.0.19045.0)
Aplicación host: C:\WINDOWS\System32\WindowsPowerShell\v1.0\powershell.exe -NoProfile -ExecutionPolicy Bypass -File Arsenal_Digital\scripts\Build-Arsenal.ps1
Id. de proceso: 1576
PSVersion: 5.1.19041.6456
PSEdition: Desktop
PSCompatibleVersions: 1.0, 2.0, 3.0, 4.0, 5.0, 5.1.19041.6456
BuildVersion: 10.0.19041.6456
CLRVersion: 4.0.30319.42000
WSManStackVersion: 3.0
PSRemotingProtocolVersion: 2.3
SerializationVersion: 1.1.0.1
**********************
Downloading tails-usb-image 7.9.1 -> tails-amd64-7.9.1.img
Downloading ventoy-windows 1.1.16 -> ventoy-1.1.16-windows.zip
Downloading systemrescue 13.01 -> systemrescue-13.01-amd64.iso
Downloading gparted-live 1.8.1-3 -> gparted-live-1.8.1-3-amd64.iso
Downloading ubuntu-desktop-lts 26.04 LTS -> ubuntu-26.04-desktop-amd64.iso
Downloading ubuntu-server-lts 26.04 LTS -> ubuntu-26.04-live-server-amd64.iso
Downloading rescuezilla 2.6.2 -> rescuezilla-2.6.2-64bit.resolute.iso
Downloading rufus v4.15 -> rufus-4.15.exe
Downloading keepassxc-portable 2.7.12 -> KeePassXC-2.7.12-Win64.zip
**********************
Fin de la transcripción de Windows PowerShell
Hora de finalización: 20260702105146
**********************
